<?xml version="1.0" encoding="UTF-8"?>
<!-- Generated by org.testng.reporters.JUnitReportReporter -->
<testsuite hostname="DELL" name="com.TestVagrant.TestCases.TC_002_GetRequestWeather" tests="1" failures="0" timestamp="16 Jul 2021 10:50:43 GMT" time="2.033" errors="0">
  <testcase name="getAPIWeatherDetails" time="2.033" classname="com.TestVagrant.TestCases.TC_002_GetRequestWeather"/>
</testsuite> <!-- com.TestVagrant.TestCases.TC_002_GetRequestWeather -->
