<?xml version="1.0" encoding="UTF-8"?>
<!-- Generated by org.testng.reporters.JUnitReportReporter -->
<testsuite hostname="DELL" name="com.TestVagrant.TestCases.Test_002_GetRequestWeather" tests="1" failures="0" timestamp="16 Jul 2021 10:14:07 GMT" time="5.667" errors="0">
  <testcase name="getAPIWeatherDetails" time="5.667" classname="com.TestVagrant.TestCases.Test_002_GetRequestWeather"/>
</testsuite> <!-- com.TestVagrant.TestCases.Test_002_GetRequestWeather -->
