<?xml version="1.0" encoding="UTF-8"?>
<!-- Generated by org.testng.reporters.JUnitReportReporter -->
<testsuite hostname="DELL" name="com.TestVagrant.TestCases.TC_003_Compare_UI_API" tests="1" failures="0" timestamp="16 Jul 2021 10:50:43 GMT" time="0.007" errors="0">
  <testcase name="compareUiAndAPIValues" time="0.007" classname="com.TestVagrant.TestCases.TC_003_Compare_UI_API"/>
</testsuite> <!-- com.TestVagrant.TestCases.TC_003_Compare_UI_API -->
