<?xml version="1.0" encoding="UTF-8"?>
<!-- Generated by org.testng.reporters.JUnitReportReporter -->
<testsuite hostname="DELL" name="com.TestVagrant.TestCases.TC_003_Compare_NDTV_API" tests="1" failures="0" timestamp="16 Jul 2021 10:14:07 GMT" time="0.005" errors="0">
  <testcase name="compareNDTV_API" time="0.005" classname="com.TestVagrant.TestCases.TC_003_Compare_NDTV_API"/>
</testsuite> <!-- com.TestVagrant.TestCases.TC_003_Compare_NDTV_API -->
