<?xml version="1.0" encoding="UTF-8"?>
<!-- Generated by org.testng.reporters.JUnitReportReporter -->
<testsuite hostname="DELL" name="com.TestVagrant.TestCases.TC_001_OnlineWeatherDetails" tests="3" failures="0" timestamp="16 Jul 2021 10:50:43 GMT" time="19.784" errors="0">
  <testcase name="openWeatherDetailsPage" time="18.665" classname="com.TestVagrant.TestCases.TC_001_OnlineWeatherDetails"/>
  <testcase name="validateCityNameOnPage" time="0.952" classname="com.TestVagrant.TestCases.TC_001_OnlineWeatherDetails"/>
  <testcase name="getWeatherTempInCelciusOnPage" time="0.167" classname="com.TestVagrant.TestCases.TC_001_OnlineWeatherDetails"/>
</testsuite> <!-- com.TestVagrant.TestCases.TC_001_OnlineWeatherDetails -->
